\BOOKMARK [0][-]{Doc-Start}{Title\040Page}{}% 1
\BOOKMARK [0][-]{Doc-Start}{Authorization\040Page}{}% 2
\BOOKMARK [0][-]{Doc-Start}{Signature\040Page}{}% 3
\BOOKMARK [0][-]{Doc-Start}{Acknowledgments}{}% 4
\BOOKMARK [0][-]{Doc-Start}{Table\040of\040Contents}{}% 5
\BOOKMARK [0][-]{chapter*.1}{List\040of\040Figures}{}% 6
\BOOKMARK [0][-]{chapter*.2}{List\040of\040Tables}{}% 7
\BOOKMARK [0][-]{chapter*.3}{Abstract}{}% 8
\BOOKMARK [0][-]{chapter*.3}{Abbreviations}{}% 9
\BOOKMARK [0][-]{chapter.1}{Introduction}{}% 10
\BOOKMARK [1][-]{section.1.1}{}{chapter.1}% 11
\BOOKMARK [0][-]{chapter.2}{Methodology}{}% 12
\BOOKMARK [0][-]{chapter.3}{Methods\0401}{}% 13
\BOOKMARK [0][-]{chapter.4}{another}{}% 14
\BOOKMARK [0][-]{chapter.5}{another}{}% 15
\BOOKMARK [0][-]{chapter.6}{another}{}% 16
\BOOKMARK [0][-]{chapter.6}{References}{}% 17
\BOOKMARK [0][-]{chapter*.4}{Appendix}{}% 18
\BOOKMARK [0][-]{appendix.A}{Appendix\0401}{}% 19
\BOOKMARK [0][-]{appendix.A}{List\040of\040Publications}{}% 20
